Synthesizing design: ahb_lite_slave.sv
dc_shell-t -x "source -echo do_mapping.tcl"
                                        
                           Design Compiler Graphical 
                                 DC Ultra (TM)
                                  DFTMAX (TM)
                              Power Compiler (TM)
                                 DesignWare (R)
                                 DC Expert (TM)
                               Design Vision (TM)
                               HDL Compiler (TM)
                               VHDL Compiler (TM)
                                  DFT Compiler
                               Design Compiler(R)
                                        
               Version K-2015.06-SP1 for linux64 - Jul 21, 2015 
                                        
                    Copyright (c) 1988 - 2015 Synopsys, Inc.
   This software and the associated documentation are proprietary to Synopsys,
 Inc. This software may only be used in accordance with the terms and conditions
 of a written license agreement with Synopsys, Inc. All other use, reproduction,
            or distribution of this software is strictly prohibited.
Initializing...
Initializing gui preferences from file  /home/ecegrid/a/mg77/.synopsys_dv_prefs.tcl
# Step 1:  Read in the source file
analyze -format sverilog -lib WORK {state_controller.sv value_registers.sv rdata_register.sv address_decoder.sv fixitFSM.sv  ahb_lite_slave.sv}
Running PRESTO HDLC
Compiling source file ./source/state_controller.sv
Compiling source file ./source/value_registers.sv
Compiling source file ./source/rdata_register.sv
Compiling source file ./source/address_decoder.sv
Compiling source file ./source/fixitFSM.sv
Compiling source file ./source/ahb_lite_slave.sv
Presto compilation completed successfully.
Loading db file '/package/eda/cells/OSU/v2.7/synopsys/lib/ami05/osu05_stdcells.db'
Loading db file '/package/eda/synopsys/syn-K-2015.06-SP1/libraries/syn/dw_foundation.sldb'
elaborate ahb_lite_slave -lib WORK
Loading db file '/package/eda/synopsys/syn-K-2015.06-SP1/libraries/syn/gtech.db'
Loading db file '/package/eda/synopsys/syn-K-2015.06-SP1/libraries/syn/standard.sldb'
  Loading link library 'osu05_stdcells'
  Loading link library 'gtech'
Running PRESTO HDLC
Presto compilation completed successfully.
Elaborated 1 design.
Current design is now 'ahb_lite_slave'.
Information: Building the design 'state_controller'. (HDL-193)

Inferred memory devices in process
	in routine state_controller line 77 in file
		'./source/state_controller.sv'.
===============================================================================
|    Register Name    |   Type    | Width | Bus | MB | AR | AS | SR | SS | ST |
===============================================================================
|      state_reg      | Flip-flop |   2   |  Y  | N  | Y  | N  | N  | N  | N  |
===============================================================================
Presto compilation completed successfully.
Information: Building the design 'value_registers'. (HDL-193)

Inferred memory devices in process
	in routine value_registers line 35 in file
		'./source/value_registers.sv'.
===============================================================================
|    Register Name    |   Type    | Width | Bus | MB | AR | AS | SR | SS | ST |
===============================================================================
|   statusData_reg    | Flip-flop |  16   |  Y  | N  | Y  | N  | N  | N  | N  |
===============================================================================

Inferred memory devices in process
	in routine value_registers line 53 in file
		'./source/value_registers.sv'.
===============================================================================
|    Register Name    |   Type    | Width | Bus | MB | AR | AS | SR | SS | ST |
===============================================================================
|    errorData_reg    | Flip-flop |  16   |  Y  | N  | Y  | N  | N  | N  | N  |
===============================================================================

Inferred memory devices in process
	in routine value_registers line 63 in file
		'./source/value_registers.sv'.
===============================================================================
|    Register Name    |   Type    | Width | Bus | MB | AR | AS | SR | SS | ST |
===============================================================================
|     boData_reg      | Flip-flop |   8   |  Y  | N  | Y  | N  | N  | N  | N  |
===============================================================================

Inferred memory devices in process
	in routine value_registers line 73 in file
		'./source/value_registers.sv'.
===============================================================================
|    Register Name    |   Type    | Width | Bus | MB | AR | AS | SR | SS | ST |
===============================================================================
|    ehtsData_reg     | Flip-flop |   8   |  Y  | N  | Y  | N  | N  | N  | N  |
===============================================================================
Presto compilation completed successfully.
Information: Building the design 'rdata_register'. (HDL-193)

Inferred memory devices in process
	in routine rdata_register line 9 in file
		'./source/rdata_register.sv'.
===============================================================================
|    Register Name    |   Type    | Width | Bus | MB | AR | AS | SR | SS | ST |
===============================================================================
|      rdata_reg      | Flip-flop |  32   |  Y  | N  | Y  | N  | N  | N  | N  |
===============================================================================
Presto compilation completed successfully.
Information: Building the design 'address_decoder'. (HDL-193)

Inferred memory devices in process
	in routine address_decoder line 33 in file
		'./source/address_decoder.sv'.
===============================================================================
|    Register Name    |   Type    | Width | Bus | MB | AR | AS | SR | SS | ST |
===============================================================================
|    prevAddr_reg     | Flip-flop |   7   |  Y  | N  | Y  | N  | N  | N  | N  |
===============================================================================

Inferred memory devices in process
	in routine address_decoder line 43 in file
		'./source/address_decoder.sv'.
===============================================================================
|    Register Name    |   Type    | Width | Bus | MB | AR | AS | SR | SS | ST |
===============================================================================
|    prevSize_reg     | Flip-flop |   2   |  Y  | N  | Y  | N  | N  | N  | N  |
===============================================================================
Presto compilation completed successfully.
Information: Building the design 'fixitFSM'. (HDL-193)

Inferred memory devices in process
	in routine fixitFSM line 38 in file
		'./source/fixitFSM.sv'.
===============================================================================
|    Register Name    |   Type    | Width | Bus | MB | AR | AS | SR | SS | ST |
===============================================================================
|      state_reg      | Flip-flop |   2   |  Y  | N  | Y  | N  | N  | N  | N  |
===============================================================================
Presto compilation completed successfully.
uniquify
# Step 2: Set design constraints
# Uncomment below to set timing, area, power, etc. constraints
# set_max_delay <delay> -from "<input>" -to "<output>"
# set_max_area <area>
# set_max_total_power <power> mW
create_clock "clk" -name "clk" -period 10
# Step 3: Compile the design
compile -map_effort medium
Information: Checking out the license 'DesignWare'. (SEC-104)
Information: Evaluating DesignWare library utilization. (UISN-27)

============================================================================
| DesignWare Building Block Library  |         Version         | Available |
============================================================================
| Basic DW Building Blocks           | K-2015.06-DWBB_201506.1 |     *     |
| Licensed DW Building Blocks        | K-2015.06-DWBB_201506.1 |     *     |
============================================================================


Information: There are 10 potential problems in your design. Please run 'check_design' for more information. (LINT-99)



  Beginning Pass 1 Mapping
  ------------------------
  Processing 'fixitFSM'
Information: Added key list 'DesignWare' to design 'fixitFSM'. (DDB-72)
  Processing 'address_decoder'
  Processing 'rdata_register'
  Processing 'value_registers'
Information: The register 'statusData_reg[15]' is a constant and will be removed. (OPT-1206)
Information: The register 'statusData_reg[14]' is a constant and will be removed. (OPT-1206)
Information: The register 'statusData_reg[13]' is a constant and will be removed. (OPT-1206)
Information: The register 'statusData_reg[12]' is a constant and will be removed. (OPT-1206)
Information: The register 'statusData_reg[11]' is a constant and will be removed. (OPT-1206)
Information: The register 'statusData_reg[10]' is a constant and will be removed. (OPT-1206)
Information: The register 'statusData_reg[7]' is a constant and will be removed. (OPT-1206)
Information: The register 'statusData_reg[6]' is a constant and will be removed. (OPT-1206)
Information: The register 'statusData_reg[5]' is a constant and will be removed. (OPT-1206)
Information: The register 'statusData_reg[4]' is a constant and will be removed. (OPT-1206)
Information: The register 'statusData_reg[3]' is a constant and will be removed. (OPT-1206)
Information: The register 'statusData_reg[2]' is a constant and will be removed. (OPT-1206)
Information: The register 'statusData_reg[1]' is a constant and will be removed. (OPT-1206)
Information: The register 'errorData_reg[15]' is a constant and will be removed. (OPT-1206)
Information: The register 'errorData_reg[14]' is a constant and will be removed. (OPT-1206)
Information: The register 'errorData_reg[13]' is a constant and will be removed. (OPT-1206)
Information: The register 'errorData_reg[12]' is a constant and will be removed. (OPT-1206)
Information: The register 'errorData_reg[11]' is a constant and will be removed. (OPT-1206)
Information: The register 'errorData_reg[10]' is a constant and will be removed. (OPT-1206)
Information: The register 'errorData_reg[9]' is a constant and will be removed. (OPT-1206)
Information: The register 'errorData_reg[7]' is a constant and will be removed. (OPT-1206)
Information: The register 'errorData_reg[6]' is a constant and will be removed. (OPT-1206)
Information: The register 'errorData_reg[5]' is a constant and will be removed. (OPT-1206)
Information: The register 'errorData_reg[4]' is a constant and will be removed. (OPT-1206)
Information: The register 'errorData_reg[3]' is a constant and will be removed. (OPT-1206)
Information: The register 'errorData_reg[2]' is a constant and will be removed. (OPT-1206)
Information: The register 'errorData_reg[1]' is a constant and will be removed. (OPT-1206)
Information: The register 'boData_reg[7]' is a constant and will be removed. (OPT-1206)
  Processing 'state_controller'
  Processing 'ahb_lite_slave'

  Updating timing information
Information: Updating design information... (UID-85)

  Beginning Implementation Selection
  ----------------------------------
  Mapping 'address_decoder_DW_cmp_0'

  Beginning Mapping Optimizations  (Medium effort)
  -------------------------------

                                  TOTAL                                      
   ELAPSED            WORST NEG   SETUP    DESIGN                            
    TIME      AREA      SLACK     COST    RULE COST         ENDPOINT         
  --------- --------- --------- --------- --------- -------------------------
    0:00:00  176481.0      0.00       0.0       0.0                          
    0:00:00  176481.0      0.00       0.0       0.0                          
    0:00:00  176481.0      0.00       0.0       0.0                          
    0:00:00  176481.0      0.00       0.0       0.0                          
    0:00:00  176481.0      0.00       0.0       0.0                          
    0:00:00  174033.0      0.00       0.0       0.0                          
    0:00:00  174033.0      0.00       0.0       0.0                          
    0:00:00  174033.0      0.00       0.0       0.0                          
    0:00:00  174033.0      0.00       0.0       0.0                          
    0:00:00  174033.0      0.00       0.0       0.0                          
    0:00:00  174033.0      0.00       0.0       0.0                          
    0:00:00  174033.0      0.00       0.0       0.0                          
    0:00:00  174033.0      0.00       0.0       0.0                          



  Beginning Delay Optimization Phase
  ----------------------------------

                                  TOTAL                                      
   ELAPSED            WORST NEG   SETUP    DESIGN                            
    TIME      AREA      SLACK     COST    RULE COST         ENDPOINT         
  --------- --------- --------- --------- --------- -------------------------
    0:00:00  174033.0      0.00       0.0       0.0                          
    0:00:00  174033.0      0.00       0.0       0.0                          
    0:00:00  174033.0      0.00       0.0       0.0                          


  Beginning Area-Recovery Phase  (cleanup)
  -----------------------------

                                  TOTAL                                      
   ELAPSED            WORST NEG   SETUP    DESIGN                            
    TIME      AREA      SLACK     COST    RULE COST         ENDPOINT         
  --------- --------- --------- --------- --------- -------------------------
    0:00:00  174033.0      0.00       0.0       0.0                          
    0:00:00  174033.0      0.00       0.0       0.0                          
    0:00:00  173457.0      0.00       0.0       0.0                          
    0:00:00  173025.0      0.00       0.0       0.0                          
    0:00:00  172737.0      0.00       0.0       0.0                          
    0:00:00  172737.0      0.00       0.0       0.0                          
    0:00:00  172737.0      0.00       0.0       0.0                          
    0:00:00  172737.0      0.00       0.0       0.0                          
    0:00:00  172737.0      0.00       0.0       0.0                          
    0:00:00  172737.0      0.00       0.0       0.0                          
    0:00:00  172737.0      0.00       0.0       0.0                          
    0:00:00  172737.0      0.00       0.0       0.0                          
    0:00:00  172737.0      0.00       0.0       0.0                          
    0:00:00  172737.0      0.00       0.0       0.0                          
Loading db file '/package/eda/cells/OSU/v2.7/synopsys/lib/ami05/osu05_stdcells.db'


Note: Symbol # after min delay cost means estimated hold TNS across all active scenarios 


  Optimization Complete
  ---------------------
# Step 4: Output reports
report_timing -path full -delay max -max_paths 1 -nworst 1 > reports/ahb_lite_slave.rep
report_area >> reports/ahb_lite_slave.rep
report_power -hier >> reports/ahb_lite_slave.rep
# Step 5: Output final VHDL and Verilog files
write_file -format verilog -hierarchy -output "mapped/ahb_lite_slave.v"
Writing verilog file '/home/ecegrid/a/mg77/ece337/USB-AHB-Module/holden/cdl/mapped/ahb_lite_slave.v'.
Warning: Verilog 'assign' or 'tran' statements are written out. (VO-4)
Warning: Verilog writer has added 28 nets to module ahb_lite_slave using SYNOPSYS_UNCONNECTED_ as prefix.  Please use the change_names command to make the correct changes before invoking the verilog writer.  (VO-11)
echo "\nScript Done\n"

Script Done

echo "\nChecking Design\n"

Checking Design

check_design
 
****************************************
check_design summary:
Version:     K-2015.06-SP1
Date:        Wed Apr 24 09:42:51 2019
****************************************

                   Name                                            Total
--------------------------------------------------------------------------------
Inputs/Outputs                                                     33
    Unconnected ports (LINT-28)                                     3
    Feedthrough (LINT-29)                                           2
    Constant outputs (LINT-52)                                     28

Cells                                                              28
    Connected to power or ground (LINT-32)                         28
--------------------------------------------------------------------------------

Warning: In design 'ahb_lite_slave', port 'hburst[2]' is not connected to any nets. (LINT-28)
Warning: In design 'ahb_lite_slave', port 'hburst[1]' is not connected to any nets. (LINT-28)
Warning: In design 'ahb_lite_slave', port 'hburst[0]' is not connected to any nets. (LINT-28)
Warning: In design 'state_controller', input port 'hsize[1]' is connected directly to output port 'dataSize[1]'. (LINT-29)
Warning: In design 'state_controller', input port 'hsize[0]' is connected directly to output port 'dataSize[0]'. (LINT-29)
Warning: In design 'ahb_lite_slave', a pin on submodule 'decoder' is connected to logic 1 or logic 0. (LINT-32)
   Pin 'statusData[15]' is connected to logic 0. 
Warning: In design 'ahb_lite_slave', a pin on submodule 'decoder' is connected to logic 1 or logic 0. (LINT-32)
   Pin 'statusData[14]' is connected to logic 0. 
Warning: In design 'ahb_lite_slave', a pin on submodule 'decoder' is connected to logic 1 or logic 0. (LINT-32)
   Pin 'statusData[13]' is connected to logic 0. 
Warning: In design 'ahb_lite_slave', a pin on submodule 'decoder' is connected to logic 1 or logic 0. (LINT-32)
   Pin 'statusData[12]' is connected to logic 0. 
Warning: In design 'ahb_lite_slave', a pin on submodule 'decoder' is connected to logic 1 or logic 0. (LINT-32)
   Pin 'statusData[11]' is connected to logic 0. 
Warning: In design 'ahb_lite_slave', a pin on submodule 'decoder' is connected to logic 1 or logic 0. (LINT-32)
   Pin 'statusData[10]' is connected to logic 0. 
Warning: In design 'ahb_lite_slave', a pin on submodule 'decoder' is connected to logic 1 or logic 0. (LINT-32)
   Pin 'statusData[7]' is connected to logic 0. 
Warning: In design 'ahb_lite_slave', a pin on submodule 'decoder' is connected to logic 1 or logic 0. (LINT-32)
   Pin 'statusData[6]' is connected to logic 0. 
Warning: In design 'ahb_lite_slave', a pin on submodule 'decoder' is connected to logic 1 or logic 0. (LINT-32)
   Pin 'statusData[5]' is connected to logic 0. 
Warning: In design 'ahb_lite_slave', a pin on submodule 'decoder' is connected to logic 1 or logic 0. (LINT-32)
   Pin 'statusData[4]' is connected to logic 0. 
Warning: In design 'ahb_lite_slave', a pin on submodule 'decoder' is connected to logic 1 or logic 0. (LINT-32)
   Pin 'statusData[3]' is connected to logic 0. 
Warning: In design 'ahb_lite_slave', a pin on submodule 'decoder' is connected to logic 1 or logic 0. (LINT-32)
   Pin 'statusData[2]' is connected to logic 0. 
Warning: In design 'ahb_lite_slave', a pin on submodule 'decoder' is connected to logic 1 or logic 0. (LINT-32)
   Pin 'statusData[1]' is connected to logic 0. 
Warning: In design 'ahb_lite_slave', a pin on submodule 'decoder' is connected to logic 1 or logic 0. (LINT-32)
   Pin 'errorData[15]' is connected to logic 0. 
Warning: In design 'ahb_lite_slave', a pin on submodule 'decoder' is connected to logic 1 or logic 0. (LINT-32)
   Pin 'errorData[14]' is connected to logic 0. 
Warning: In design 'ahb_lite_slave', a pin on submodule 'decoder' is connected to logic 1 or logic 0. (LINT-32)
   Pin 'errorData[13]' is connected to logic 0. 
Warning: In design 'ahb_lite_slave', a pin on submodule 'decoder' is connected to logic 1 or logic 0. (LINT-32)
   Pin 'errorData[12]' is connected to logic 0. 
Warning: In design 'ahb_lite_slave', a pin on submodule 'decoder' is connected to logic 1 or logic 0. (LINT-32)
   Pin 'errorData[11]' is connected to logic 0. 
Warning: In design 'ahb_lite_slave', a pin on submodule 'decoder' is connected to logic 1 or logic 0. (LINT-32)
   Pin 'errorData[10]' is connected to logic 0. 
Warning: In design 'ahb_lite_slave', a pin on submodule 'decoder' is connected to logic 1 or logic 0. (LINT-32)
   Pin 'errorData[9]' is connected to logic 0. 
Warning: In design 'ahb_lite_slave', a pin on submodule 'decoder' is connected to logic 1 or logic 0. (LINT-32)
   Pin 'errorData[7]' is connected to logic 0. 
Warning: In design 'ahb_lite_slave', a pin on submodule 'decoder' is connected to logic 1 or logic 0. (LINT-32)
   Pin 'errorData[6]' is connected to logic 0. 
Warning: In design 'ahb_lite_slave', a pin on submodule 'decoder' is connected to logic 1 or logic 0. (LINT-32)
   Pin 'errorData[5]' is connected to logic 0. 
Warning: In design 'ahb_lite_slave', a pin on submodule 'decoder' is connected to logic 1 or logic 0. (LINT-32)
   Pin 'errorData[4]' is connected to logic 0. 
Warning: In design 'ahb_lite_slave', a pin on submodule 'decoder' is connected to logic 1 or logic 0. (LINT-32)
   Pin 'errorData[3]' is connected to logic 0. 
Warning: In design 'ahb_lite_slave', a pin on submodule 'decoder' is connected to logic 1 or logic 0. (LINT-32)
   Pin 'errorData[2]' is connected to logic 0. 
Warning: In design 'ahb_lite_slave', a pin on submodule 'decoder' is connected to logic 1 or logic 0. (LINT-32)
   Pin 'errorData[1]' is connected to logic 0. 
Warning: In design 'ahb_lite_slave', a pin on submodule 'decoder' is connected to logic 1 or logic 0. (LINT-32)
   Pin 'boData[7]' is connected to logic 0. 
Warning: In design 'value_registers', output port 'statusData[15]' is connected directly to 'logic 0'. (LINT-52)
Warning: In design 'value_registers', output port 'statusData[14]' is connected directly to 'logic 0'. (LINT-52)
Warning: In design 'value_registers', output port 'statusData[13]' is connected directly to 'logic 0'. (LINT-52)
Warning: In design 'value_registers', output port 'statusData[12]' is connected directly to 'logic 0'. (LINT-52)
Warning: In design 'value_registers', output port 'statusData[11]' is connected directly to 'logic 0'. (LINT-52)
Warning: In design 'value_registers', output port 'statusData[10]' is connected directly to 'logic 0'. (LINT-52)
Warning: In design 'value_registers', output port 'statusData[7]' is connected directly to 'logic 0'. (LINT-52)
Warning: In design 'value_registers', output port 'statusData[6]' is connected directly to 'logic 0'. (LINT-52)
Warning: In design 'value_registers', output port 'statusData[5]' is connected directly to 'logic 0'. (LINT-52)
Warning: In design 'value_registers', output port 'statusData[4]' is connected directly to 'logic 0'. (LINT-52)
Warning: In design 'value_registers', output port 'statusData[3]' is connected directly to 'logic 0'. (LINT-52)
Warning: In design 'value_registers', output port 'statusData[2]' is connected directly to 'logic 0'. (LINT-52)
Warning: In design 'value_registers', output port 'statusData[1]' is connected directly to 'logic 0'. (LINT-52)
Warning: In design 'value_registers', output port 'errorData[15]' is connected directly to 'logic 0'. (LINT-52)
Warning: In design 'value_registers', output port 'errorData[14]' is connected directly to 'logic 0'. (LINT-52)
Warning: In design 'value_registers', output port 'errorData[13]' is connected directly to 'logic 0'. (LINT-52)
Warning: In design 'value_registers', output port 'errorData[12]' is connected directly to 'logic 0'. (LINT-52)
Warning: In design 'value_registers', output port 'errorData[11]' is connected directly to 'logic 0'. (LINT-52)
Warning: In design 'value_registers', output port 'errorData[10]' is connected directly to 'logic 0'. (LINT-52)
Warning: In design 'value_registers', output port 'errorData[9]' is connected directly to 'logic 0'. (LINT-52)
Warning: In design 'value_registers', output port 'errorData[7]' is connected directly to 'logic 0'. (LINT-52)
Warning: In design 'value_registers', output port 'errorData[6]' is connected directly to 'logic 0'. (LINT-52)
Warning: In design 'value_registers', output port 'errorData[5]' is connected directly to 'logic 0'. (LINT-52)
Warning: In design 'value_registers', output port 'errorData[4]' is connected directly to 'logic 0'. (LINT-52)
Warning: In design 'value_registers', output port 'errorData[3]' is connected directly to 'logic 0'. (LINT-52)
Warning: In design 'value_registers', output port 'errorData[2]' is connected directly to 'logic 0'. (LINT-52)
Warning: In design 'value_registers', output port 'errorData[1]' is connected directly to 'logic 0'. (LINT-52)
Warning: In design 'value_registers', output port 'boData[7]' is connected directly to 'logic 0'. (LINT-52)
quit

Thank you...
Done


